[0.036s] Invoking command in '/home/ubuntu/ros2_ws/build/image_geometry': CMAKE_PREFIX_PATH=/home/ubuntu/ros2_ws/install/turtlebot_controller:/opt/ros/humble /usr/bin/cmake /home/ubuntu/ros2_ws/src/vision_opencv/image_geometry -DCMAKE_INSTALL_PREFIX=/home/ubuntu/ros2_ws/install/image_geometry
[0.159s] -- The C compiler identification is GNU 11.4.0
[0.427s] -- The CXX compiler identification is GNU 11.4.0
[0.608s] -- Detecting C compiler ABI info
[0.745s] -- Detecting C compiler ABI info - done
[0.755s] -- Check for working C compiler: /usr/bin/cc - skipped
[0.755s] -- Detecting C compile features
[0.756s] -- Detecting C compile features - done
[0.765s] -- Detecting CXX compiler ABI info
[0.950s] -- Detecting CXX compiler ABI info - done
[0.967s] -- Check for working CXX compiler: /usr/bin/c++ - skipped
[0.968s] -- Detecting CXX compile features
[0.969s] -- Detecting CXX compile features - done
[0.971s] -- Found ament_cmake_python: 1.3.9 (/opt/ros/humble/share/ament_cmake_python/cmake)
[0.975s] -- Found ament_cmake_ros: 0.10.0 (/opt/ros/humble/share/ament_cmake_ros/cmake)
[1.177s] -- Found Python3: /usr/bin/python3 (found version "3.10.12") found components: Interpreter 
[2.307s] [31mCMake Error at CMakeLists.txt:18 (find_package):
[2.307s]   By not providing "FindOpenCV.cmake" in CMAKE_MODULE_PATH this project has
[2.307s]   asked CMake to find a package configuration file provided by "OpenCV", but
[2.307s]   CMake did not find one.
[2.307s] 
[2.308s]   Could not find a package configuration file provided by "OpenCV" with any
[2.308s]   of the following names:
[2.308s] 
[2.308s]     OpenCVConfig.cmake
[2.308s]     opencv-config.cmake
[2.308s] 
[2.308s]   Add the installation prefix of "OpenCV" to CMAKE_PREFIX_PATH or set
[2.308s]   "OpenCV_DIR" to a directory containing one of the above files.  If "OpenCV"
[2.308s]   provides a separate development package or SDK, be sure it has been
[2.308s]   installed.
[2.308s] 
[2.308s] [0m
[2.308s] -- Configuring incomplete, errors occurred!
[2.309s] See also "/home/ubuntu/ros2_ws/build/image_geometry/CMakeFiles/CMakeOutput.log".
[2.315s] Invoked command in '/home/ubuntu/ros2_ws/build/image_geometry' returned '1': CMAKE_PREFIX_PATH=/home/ubuntu/ros2_ws/install/turtlebot_controller:/opt/ros/humble /usr/bin/cmake /home/ubuntu/ros2_ws/src/vision_opencv/image_geometry -DCMAKE_INSTALL_PREFIX=/home/ubuntu/ros2_ws/install/image_geometry
