[0.465s] DEBUG:colcon:Command line arguments: ['/usr/bin/colcon', 'build', '--symlink-install']
[0.466s] DEBUG:colcon:Parsed command line arguments: Namespace(log_base=None, log_level=None, verb_name='build', build_base='build', install_base='install', merge_install=False, symlink_install=True, test_result_base=None, continue_on_error=False, executor='parallel', parallel_workers=8, event_handlers=None, ignore_user_meta=False, metas=['./colcon.meta'], base_paths=['.'], packages_ignore=None, packages_ignore_regex=None, paths=None, packages_up_to=None, packages_up_to_regex=None, packages_above=None, packages_above_and_dependencies=None, packages_above_depth=None, packages_select_by_dep=None, packages_skip_by_dep=None, packages_skip_up_to=None, packages_select_build_failed=False, packages_skip_build_finished=False, packages_select_test_failures=False, packages_skip_test_passed=False, packages_select=None, packages_skip=None, packages_select_regex=None, packages_skip_regex=None, packages_start=None, packages_end=None, allow_overriding=[], cmake_args=None, cmake_target=None, cmake_target_skip_unavailable=False, cmake_clean_cache=False, cmake_clean_first=False, cmake_force_configure=False, ament_cmake_args=None, catkin_cmake_args=None, catkin_skip_building_tests=False, verb_parser=<colcon_defaults.argument_parser.defaults.DefaultArgumentsDecorator object at 0x7f346380a050>, verb_extension=<colcon_core.verb.build.BuildVerb object at 0x7f3463b4ab60>, main=<bound method BuildVerb.main of <colcon_core.verb.build.BuildVerb object at 0x7f3463b4ab60>>)
[0.789s] Level 1:colcon.colcon_core.package_discovery:discover_packages(colcon_meta) check parameters
[0.789s] Level 1:colcon.colcon_core.package_discovery:discover_packages(recursive) check parameters
[0.789s] Level 1:colcon.colcon_core.package_discovery:discover_packages(ignore) check parameters
[0.789s] Level 1:colcon.colcon_core.package_discovery:discover_packages(path) check parameters
[0.789s] Level 1:colcon.colcon_core.package_discovery:discover_packages(colcon_meta) discover
[0.790s] Level 1:colcon.colcon_core.package_discovery:discover_packages(recursive) discover
[0.790s] INFO:colcon.colcon_core.package_discovery:Crawling recursively for packages in '/home/ubuntu/ros2_ws'
[0.790s] Level 1:colcon.colcon_core.package_identification:_identify(.) by extensions ['ignore', 'ignore_ament_install']
[0.790s] Level 1:colcon.colcon_core.package_identification:_identify(.) by extension 'ignore'
[0.790s] Level 1:colcon.colcon_core.package_identification:_identify(.) by extension 'ignore_ament_install'
[0.790s] Level 1:colcon.colcon_core.package_identification:_identify(.) by extensions ['colcon_pkg']
[0.790s] Level 1:colcon.colcon_core.package_identification:_identify(.) by extension 'colcon_pkg'
[0.790s] Level 1:colcon.colcon_core.package_identification:_identify(.) by extensions ['colcon_meta']
[0.790s] Level 1:colcon.colcon_core.package_identification:_identify(.) by extension 'colcon_meta'
[0.790s] Level 1:colcon.colcon_core.package_identification:_identify(.) by extensions ['ros']
[0.790s] Level 1:colcon.colcon_core.package_identification:_identify(.) by extension 'ros'
[0.835s] Level 1:colcon.colcon_core.package_identification:_identify(.) by extensions ['cmake', 'python']
[0.835s] Level 1:colcon.colcon_core.package_identification:_identify(.) by extension 'cmake'
[0.836s] Level 1:colcon.colcon_core.package_identification:_identify(.) by extension 'python'
[0.836s] Level 1:colcon.colcon_core.package_identification:_identify(.) by extensions ['python_setup_py']
[0.836s] Level 1:colcon.colcon_core.package_identification:_identify(.) by extension 'python_setup_py'
[0.837s] Level 1:colcon.colcon_core.package_identification:_identify(build) by extensions ['ignore', 'ignore_ament_install']
[0.837s] Level 1:colcon.colcon_core.package_identification:_identify(build) by extension 'ignore'
[0.838s] Level 1:colcon.colcon_core.package_identification:_identify(build) ignored
[0.839s] Level 1:colcon.colcon_core.package_identification:_identify(images) by extensions ['ignore', 'ignore_ament_install']
[0.839s] Level 1:colcon.colcon_core.package_identification:_identify(images) by extension 'ignore'
[0.840s] Level 1:colcon.colcon_core.package_identification:_identify(images) by extension 'ignore_ament_install'
[0.840s] Level 1:colcon.colcon_core.package_identification:_identify(images) by extensions ['colcon_pkg']
[0.840s] Level 1:colcon.colcon_core.package_identification:_identify(images) by extension 'colcon_pkg'
[0.841s] Level 1:colcon.colcon_core.package_identification:_identify(images) by extensions ['colcon_meta']
[0.841s] Level 1:colcon.colcon_core.package_identification:_identify(images) by extension 'colcon_meta'
[0.841s] Level 1:colcon.colcon_core.package_identification:_identify(images) by extensions ['ros']
[0.841s] Level 1:colcon.colcon_core.package_identification:_identify(images) by extension 'ros'
[0.841s] Level 1:colcon.colcon_core.package_identification:_identify(images) by extensions ['cmake', 'python']
[0.841s] Level 1:colcon.colcon_core.package_identification:_identify(images) by extension 'cmake'
[0.841s] Level 1:colcon.colcon_core.package_identification:_identify(images) by extension 'python'
[0.841s] Level 1:colcon.colcon_core.package_identification:_identify(images) by extensions ['python_setup_py']
[0.841s] Level 1:colcon.colcon_core.package_identification:_identify(images) by extension 'python_setup_py'
[0.842s] Level 1:colcon.colcon_core.package_identification:_identify(install) by extensions ['ignore', 'ignore_ament_install']
[0.842s] Level 1:colcon.colcon_core.package_identification:_identify(install) by extension 'ignore'
[0.842s] Level 1:colcon.colcon_core.package_identification:_identify(install) ignored
[0.843s] Level 1:colcon.colcon_core.package_identification:_identify(log) by extensions ['ignore', 'ignore_ament_install']
[0.844s] Level 1:colcon.colcon_core.package_identification:_identify(log) by extension 'ignore'
[0.844s] Level 1:colcon.colcon_core.package_identification:_identify(log) ignored
[0.844s] Level 1:colcon.colcon_core.package_identification:_identify(src) by extensions ['ignore', 'ignore_ament_install']
[0.844s] Level 1:colcon.colcon_core.package_identification:_identify(src) by extension 'ignore'
[0.844s] Level 1:colcon.colcon_core.package_identification:_identify(src) by extension 'ignore_ament_install'
[0.844s] Level 1:colcon.colcon_core.package_identification:_identify(src) by extensions ['colcon_pkg']
[0.844s] Level 1:colcon.colcon_core.package_identification:_identify(src) by extension 'colcon_pkg'
[0.844s] Level 1:colcon.colcon_core.package_identification:_identify(src) by extensions ['colcon_meta']
[0.844s] Level 1:colcon.colcon_core.package_identification:_identify(src) by extension 'colcon_meta'
[0.845s] Level 1:colcon.colcon_core.package_identification:_identify(src) by extensions ['ros']
[0.845s] Level 1:colcon.colcon_core.package_identification:_identify(src) by extension 'ros'
[0.845s] Level 1:colcon.colcon_core.package_identification:_identify(src) by extensions ['cmake', 'python']
[0.845s] Level 1:colcon.colcon_core.package_identification:_identify(src) by extension 'cmake'
[0.845s] Level 1:colcon.colcon_core.package_identification:_identify(src) by extension 'python'
[0.845s] Level 1:colcon.colcon_core.package_identification:_identify(src) by extensions ['python_setup_py']
[0.845s] Level 1:colcon.colcon_core.package_identification:_identify(src) by extension 'python_setup_py'
[0.845s] Level 1:colcon.colcon_core.package_identification:_identify(src/build) by extensions ['ignore', 'ignore_ament_install']
[0.846s] Level 1:colcon.colcon_core.package_identification:_identify(src/build) by extension 'ignore'
[0.846s] Level 1:colcon.colcon_core.package_identification:_identify(src/build) ignored
[0.846s] Level 1:colcon.colcon_core.package_identification:_identify(src/hackathon_bringup) by extensions ['ignore', 'ignore_ament_install']
[0.846s] Level 1:colcon.colcon_core.package_identification:_identify(src/hackathon_bringup) by extension 'ignore'
[0.846s] Level 1:colcon.colcon_core.package_identification:_identify(src/hackathon_bringup) by extension 'ignore_ament_install'
[0.846s] Level 1:colcon.colcon_core.package_identification:_identify(src/hackathon_bringup) by extensions ['colcon_pkg']
[0.846s] Level 1:colcon.colcon_core.package_identification:_identify(src/hackathon_bringup) by extension 'colcon_pkg'
[0.846s] Level 1:colcon.colcon_core.package_identification:_identify(src/hackathon_bringup) by extensions ['colcon_meta']
[0.847s] Level 1:colcon.colcon_core.package_identification:_identify(src/hackathon_bringup) by extension 'colcon_meta'
[0.847s] Level 1:colcon.colcon_core.package_identification:_identify(src/hackathon_bringup) by extensions ['ros']
[0.847s] Level 1:colcon.colcon_core.package_identification:_identify(src/hackathon_bringup) by extension 'ros'
[0.862s] DEBUG:colcon.colcon_core.package_identification:Package 'src/hackathon_bringup' with type 'ros.ament_cmake' and name 'hackathon_bringup'
[0.862s] Level 1:colcon.colcon_core.package_identification:_identify(src/install) by extensions ['ignore', 'ignore_ament_install']
[0.862s] Level 1:colcon.colcon_core.package_identification:_identify(src/install) by extension 'ignore'
[0.863s] Level 1:colcon.colcon_core.package_identification:_identify(src/install) ignored
[0.863s] Level 1:colcon.colcon_core.package_identification:_identify(src/log) by extensions ['ignore', 'ignore_ament_install']
[0.863s] Level 1:colcon.colcon_core.package_identification:_identify(src/log) by extension 'ignore'
[0.863s] Level 1:colcon.colcon_core.package_identification:_identify(src/log) ignored
[0.863s] Level 1:colcon.colcon_core.package_identification:_identify(src/turtlebot_controller) by extensions ['ignore', 'ignore_ament_install']
[0.863s] Level 1:colcon.colcon_core.package_identification:_identify(src/turtlebot_controller) by extension 'ignore'
[0.863s] Level 1:colcon.colcon_core.package_identification:_identify(src/turtlebot_controller) by extension 'ignore_ament_install'
[0.864s] Level 1:colcon.colcon_core.package_identification:_identify(src/turtlebot_controller) by extensions ['colcon_pkg']
[0.864s] Level 1:colcon.colcon_core.package_identification:_identify(src/turtlebot_controller) by extension 'colcon_pkg'
[0.864s] Level 1:colcon.colcon_core.package_identification:_identify(src/turtlebot_controller) by extensions ['colcon_meta']
[0.864s] Level 1:colcon.colcon_core.package_identification:_identify(src/turtlebot_controller) by extension 'colcon_meta'
[0.864s] Level 1:colcon.colcon_core.package_identification:_identify(src/turtlebot_controller) by extensions ['ros']
[0.864s] Level 1:colcon.colcon_core.package_identification:_identify(src/turtlebot_controller) by extension 'ros'
[0.867s] DEBUG:colcon.colcon_core.package_identification:Package 'src/turtlebot_controller' with type 'ros.ament_python' and name 'turtlebot_controller'
[0.868s] Level 1:colcon.colcon_core.package_discovery:discover_packages(recursive) using defaults
[0.868s] Level 1:colcon.colcon_core.package_discovery:discover_packages(ignore) discover
[0.868s] Level 1:colcon.colcon_core.package_discovery:discover_packages(ignore) using defaults
[0.868s] Level 1:colcon.colcon_core.package_discovery:discover_packages(path) discover
[0.868s] Level 1:colcon.colcon_core.package_discovery:discover_packages(path) using defaults
[0.938s] Level 1:colcon.colcon_core.package_discovery:discover_packages(prefix_path) check parameters
[0.938s] Level 1:colcon.colcon_core.package_discovery:discover_packages(prefix_path) discover
[0.945s] DEBUG:colcon.colcon_installed_package_information.package_discovery:Found 2 installed packages in /home/ubuntu/ros2_ws/install
[0.947s] DEBUG:colcon.colcon_installed_package_information.package_discovery:Found 181 installed packages in /opt/ros/humble
[0.955s] Level 1:colcon.colcon_core.package_discovery:discover_packages(prefix_path) using defaults
[1.062s] Level 5:colcon.colcon_core.verb:set package 'hackathon_bringup' build argument 'cmake_args' from command line to 'None'
[1.062s] Level 5:colcon.colcon_core.verb:set package 'hackathon_bringup' build argument 'cmake_target' from command line to 'None'
[1.062s] Level 5:colcon.colcon_core.verb:set package 'hackathon_bringup' build argument 'cmake_target_skip_unavailable' from command line to 'False'
[1.062s] Level 5:colcon.colcon_core.verb:set package 'hackathon_bringup' build argument 'cmake_clean_cache' from command line to 'False'
[1.062s] Level 5:colcon.colcon_core.verb:set package 'hackathon_bringup' build argument 'cmake_clean_first' from command line to 'False'
[1.062s] Level 5:colcon.colcon_core.verb:set package 'hackathon_bringup' build argument 'cmake_force_configure' from command line to 'False'
[1.062s] Level 5:colcon.colcon_core.verb:set package 'hackathon_bringup' build argument 'ament_cmake_args' from command line to 'None'
[1.062s] Level 5:colcon.colcon_core.verb:set package 'hackathon_bringup' build argument 'catkin_cmake_args' from command line to 'None'
[1.062s] Level 5:colcon.colcon_core.verb:set package 'hackathon_bringup' build argument 'catkin_skip_building_tests' from command line to 'False'
[1.062s] DEBUG:colcon.colcon_core.verb:Building package 'hackathon_bringup' with the following arguments: {'ament_cmake_args': None, 'build_base': '/home/ubuntu/ros2_ws/build/hackathon_bringup', 'catkin_cmake_args': None, 'catkin_skip_building_tests': False, 'cmake_args': None, 'cmake_clean_cache': False, 'cmake_clean_first': False, 'cmake_force_configure': False, 'cmake_target': None, 'cmake_target_skip_unavailable': False, 'install_base': '/home/ubuntu/ros2_ws/install/hackathon_bringup', 'merge_install': False, 'path': '/home/ubuntu/ros2_ws/src/hackathon_bringup', 'symlink_install': True, 'test_result_base': None}
[1.063s] Level 5:colcon.colcon_core.verb:set package 'turtlebot_controller' build argument 'cmake_args' from command line to 'None'
[1.063s] Level 5:colcon.colcon_core.verb:set package 'turtlebot_controller' build argument 'cmake_target' from command line to 'None'
[1.063s] Level 5:colcon.colcon_core.verb:set package 'turtlebot_controller' build argument 'cmake_target_skip_unavailable' from command line to 'False'
[1.063s] Level 5:colcon.colcon_core.verb:set package 'turtlebot_controller' build argument 'cmake_clean_cache' from command line to 'False'
[1.063s] Level 5:colcon.colcon_core.verb:set package 'turtlebot_controller' build argument 'cmake_clean_first' from command line to 'False'
[1.063s] Level 5:colcon.colcon_core.verb:set package 'turtlebot_controller' build argument 'cmake_force_configure' from command line to 'False'
[1.063s] Level 5:colcon.colcon_core.verb:set package 'turtlebot_controller' build argument 'ament_cmake_args' from command line to 'None'
[1.063s] Level 5:colcon.colcon_core.verb:set package 'turtlebot_controller' build argument 'catkin_cmake_args' from command line to 'None'
[1.063s] Level 5:colcon.colcon_core.verb:set package 'turtlebot_controller' build argument 'catkin_skip_building_tests' from command line to 'False'
[1.063s] DEBUG:colcon.colcon_core.verb:Building package 'turtlebot_controller' with the following arguments: {'ament_cmake_args': None, 'build_base': '/home/ubuntu/ros2_ws/build/turtlebot_controller', 'catkin_cmake_args': None, 'catkin_skip_building_tests': False, 'cmake_args': None, 'cmake_clean_cache': False, 'cmake_clean_first': False, 'cmake_force_configure': False, 'cmake_target': None, 'cmake_target_skip_unavailable': False, 'install_base': '/home/ubuntu/ros2_ws/install/turtlebot_controller', 'merge_install': False, 'path': '/home/ubuntu/ros2_ws/src/turtlebot_controller', 'symlink_install': True, 'test_result_base': None}
[1.063s] INFO:colcon.colcon_core.executor:Executing jobs using 'parallel' executor
[1.068s] DEBUG:colcon.colcon_parallel_executor.executor.parallel:run_until_complete
[1.072s] INFO:colcon.colcon_ros.task.ament_cmake.build:Building ROS package in '/home/ubuntu/ros2_ws/src/hackathon_bringup' with build type 'ament_cmake'
[1.073s] INFO:colcon.colcon_cmake.task.cmake.build:Building CMake package in '/home/ubuntu/ros2_ws/src/hackathon_bringup'
[1.105s] INFO:colcon.colcon_core.plugin_system:Skipping extension 'colcon_core.shell.bat': Not used on non-Windows systems
[1.107s] INFO:colcon.colcon_core.shell:Skip shell extension 'powershell' for command environment: Not usable outside of PowerShell
[1.108s] DEBUG:colcon.colcon_core.shell:Skip shell extension 'dsv' for command environment
[1.123s] INFO:colcon.colcon_ros.task.ament_python.build:Building ROS package in '/home/ubuntu/ros2_ws/src/turtlebot_controller' with build type 'ament_python'
[1.123s] Level 1:colcon.colcon_core.shell:create_environment_hook('turtlebot_controller', 'ament_prefix_path')
[1.124s] INFO:colcon.colcon_core.shell:Creating environment hook '/home/ubuntu/ros2_ws/install/turtlebot_controller/share/turtlebot_controller/hook/ament_prefix_path.ps1'
[1.129s] INFO:colcon.colcon_core.shell:Creating environment descriptor '/home/ubuntu/ros2_ws/install/turtlebot_controller/share/turtlebot_controller/hook/ament_prefix_path.dsv'
[1.131s] INFO:colcon.colcon_core.shell:Creating environment hook '/home/ubuntu/ros2_ws/install/turtlebot_controller/share/turtlebot_controller/hook/ament_prefix_path.sh'
[1.148s] INFO:colcon.colcon_core.shell:Skip shell extension 'powershell' for command environment: Not usable outside of PowerShell
[1.157s] DEBUG:colcon.colcon_core.shell:Skip shell extension 'dsv' for command environment
[1.195s] DEBUG:colcon.colcon_core.event_handler.log_command:Invoking command in '/home/ubuntu/ros2_ws/build/hackathon_bringup': CMAKE_PREFIX_PATH=/home/ubuntu/ros2_ws/install/turtlebot_controller:/opt/ros/humble WSLENV=ELECTRON_RUN_AS_NODE/w: /usr/bin/cmake /home/ubuntu/ros2_ws/src/hackathon_bringup -DAMENT_CMAKE_SYMLINK_INSTALL=1 -DCMAKE_INSTALL_PREFIX=/home/ubuntu/ros2_ws/install/hackathon_bringup
[2.208s] INFO:colcon.colcon_core.task.python.build:Building Python package in '/home/ubuntu/ros2_ws/src/turtlebot_controller'
[2.210s] INFO:colcon.colcon_core.shell:Skip shell extension 'powershell' for command environment: Not usable outside of PowerShell
[2.210s] DEBUG:colcon.colcon_core.shell:Skip shell extension 'dsv' for command environment
[3.455s] DEBUG:colcon.colcon_core.event_handler.log_command:Invoking command in '/home/ubuntu/ros2_ws/build/turtlebot_controller': PYTHONPATH=/home/ubuntu/ros2_ws/build/turtlebot_controller/prefix_override:/home/ubuntu/ros2_ws/install/turtlebot_controller/lib/python3.10/site-packages:${PYTHONPATH} WSLENV=ELECTRON_RUN_AS_NODE/w: /usr/bin/python3 -W ignore:setup.py install is deprecated setup.py develop --editable --build-directory /home/ubuntu/ros2_ws/build/turtlebot_controller/build --no-deps symlink_data
[4.164s] Level 1:colcon.colcon_core.shell:create_environment_hook('turtlebot_controller', 'pythonpath_develop')
[4.165s] INFO:colcon.colcon_core.shell:Creating environment hook '/home/ubuntu/ros2_ws/build/turtlebot_controller/share/turtlebot_controller/hook/pythonpath_develop.ps1'
[4.166s] DEBUG:colcon.colcon_core.event_handler.log_command:Invoked command in '/home/ubuntu/ros2_ws/build/turtlebot_controller' returned '0': PYTHONPATH=/home/ubuntu/ros2_ws/build/turtlebot_controller/prefix_override:/home/ubuntu/ros2_ws/install/turtlebot_controller/lib/python3.10/site-packages:${PYTHONPATH} WSLENV=ELECTRON_RUN_AS_NODE/w: /usr/bin/python3 -W ignore:setup.py install is deprecated setup.py develop --editable --build-directory /home/ubuntu/ros2_ws/build/turtlebot_controller/build --no-deps symlink_data
[4.167s] INFO:colcon.colcon_core.shell:Creating environment descriptor '/home/ubuntu/ros2_ws/build/turtlebot_controller/share/turtlebot_controller/hook/pythonpath_develop.dsv'
[4.168s] INFO:colcon.colcon_core.shell:Creating environment hook '/home/ubuntu/ros2_ws/build/turtlebot_controller/share/turtlebot_controller/hook/pythonpath_develop.sh'
[4.181s] Level 1:colcon.colcon_core.environment:checking '/home/ubuntu/ros2_ws/install/turtlebot_controller' for CMake module files
[4.182s] Level 1:colcon.colcon_core.environment:checking '/home/ubuntu/ros2_ws/install/turtlebot_controller' for CMake config files
[4.183s] Level 1:colcon.colcon_core.environment:checking '/home/ubuntu/ros2_ws/install/turtlebot_controller/lib'
[4.183s] Level 1:colcon.colcon_core.environment:checking '/home/ubuntu/ros2_ws/install/turtlebot_controller/bin'
[4.183s] Level 1:colcon.colcon_core.environment:checking '/home/ubuntu/ros2_ws/install/turtlebot_controller/lib/pkgconfig/turtlebot_controller.pc'
[4.183s] Level 1:colcon.colcon_core.environment:checking '/home/ubuntu/ros2_ws/install/turtlebot_controller/lib/python3.10/site-packages'
[4.183s] Level 1:colcon.colcon_core.shell:create_environment_hook('turtlebot_controller', 'pythonpath')
[4.184s] INFO:colcon.colcon_core.shell:Creating environment hook '/home/ubuntu/ros2_ws/install/turtlebot_controller/share/turtlebot_controller/hook/pythonpath.ps1'
[4.189s] INFO:colcon.colcon_core.shell:Creating environment descriptor '/home/ubuntu/ros2_ws/install/turtlebot_controller/share/turtlebot_controller/hook/pythonpath.dsv'
[4.190s] INFO:colcon.colcon_core.shell:Creating environment hook '/home/ubuntu/ros2_ws/install/turtlebot_controller/share/turtlebot_controller/hook/pythonpath.sh'
[4.191s] Level 1:colcon.colcon_core.environment:checking '/home/ubuntu/ros2_ws/install/turtlebot_controller/bin'
[4.191s] Level 1:colcon.colcon_core.environment:create_environment_scripts_only(turtlebot_controller)
[4.191s] INFO:colcon.colcon_core.shell:Creating package script '/home/ubuntu/ros2_ws/install/turtlebot_controller/share/turtlebot_controller/package.ps1'
[4.193s] INFO:colcon.colcon_core.shell:Creating package descriptor '/home/ubuntu/ros2_ws/install/turtlebot_controller/share/turtlebot_controller/package.dsv'
[4.195s] INFO:colcon.colcon_core.shell:Creating package script '/home/ubuntu/ros2_ws/install/turtlebot_controller/share/turtlebot_controller/package.sh'
[4.197s] INFO:colcon.colcon_core.shell:Creating package script '/home/ubuntu/ros2_ws/install/turtlebot_controller/share/turtlebot_controller/package.bash'
[4.199s] INFO:colcon.colcon_core.shell:Creating package script '/home/ubuntu/ros2_ws/install/turtlebot_controller/share/turtlebot_controller/package.zsh'
[4.201s] Level 1:colcon.colcon_core.environment:create_file_with_runtime_dependencies(/home/ubuntu/ros2_ws/install/turtlebot_controller/share/colcon-core/packages/turtlebot_controller)
[4.761s] DEBUG:colcon.colcon_core.event_handler.log_command:Invoked command in '/home/ubuntu/ros2_ws/build/hackathon_bringup' returned '1': CMAKE_PREFIX_PATH=/home/ubuntu/ros2_ws/install/turtlebot_controller:/opt/ros/humble WSLENV=ELECTRON_RUN_AS_NODE/w: /usr/bin/cmake /home/ubuntu/ros2_ws/src/hackathon_bringup -DAMENT_CMAKE_SYMLINK_INSTALL=1 -DCMAKE_INSTALL_PREFIX=/home/ubuntu/ros2_ws/install/hackathon_bringup
[4.804s] Level 1:colcon.colcon_core.environment:create_environment_scripts_only(hackathon_bringup)
[4.805s] Level 1:colcon.colcon_core.environment:checking '/home/ubuntu/ros2_ws/install/hackathon_bringup' for CMake module files
[4.806s] Level 1:colcon.colcon_core.environment:checking '/home/ubuntu/ros2_ws/install/hackathon_bringup' for CMake config files
[4.808s] Level 1:colcon.colcon_core.environment:checking '/home/ubuntu/ros2_ws/install/hackathon_bringup/bin'
[4.809s] Level 1:colcon.colcon_core.environment:checking '/home/ubuntu/ros2_ws/install/hackathon_bringup/lib/pkgconfig/hackathon_bringup.pc'
[4.810s] Level 1:colcon.colcon_core.environment:checking '/home/ubuntu/ros2_ws/install/hackathon_bringup/lib/python3.10/site-packages'
[4.810s] Level 1:colcon.colcon_core.environment:checking '/home/ubuntu/ros2_ws/install/hackathon_bringup/bin'
[4.811s] INFO:colcon.colcon_core.shell:Creating package script '/home/ubuntu/ros2_ws/install/hackathon_bringup/share/hackathon_bringup/package.ps1'
[4.821s] INFO:colcon.colcon_core.shell:Creating package descriptor '/home/ubuntu/ros2_ws/install/hackathon_bringup/share/hackathon_bringup/package.dsv'
[4.824s] INFO:colcon.colcon_core.shell:Creating package script '/home/ubuntu/ros2_ws/install/hackathon_bringup/share/hackathon_bringup/package.sh'
[4.825s] INFO:colcon.colcon_core.shell:Creating package script '/home/ubuntu/ros2_ws/install/hackathon_bringup/share/hackathon_bringup/package.bash'
[4.830s] INFO:colcon.colcon_core.shell:Creating package script '/home/ubuntu/ros2_ws/install/hackathon_bringup/share/hackathon_bringup/package.zsh'
[4.832s] Level 1:colcon.colcon_core.environment:create_file_with_runtime_dependencies(/home/ubuntu/ros2_ws/install/hackathon_bringup/share/colcon-core/packages/hackathon_bringup)
[4.854s] DEBUG:colcon.colcon_parallel_executor.executor.parallel:closing loop
[4.855s] DEBUG:colcon.colcon_parallel_executor.executor.parallel:loop closed
[4.855s] DEBUG:colcon.colcon_parallel_executor.executor.parallel:run_until_complete finished with '1'
[4.856s] DEBUG:colcon.colcon_core.event_reactor:joining thread
[4.918s] INFO:colcon.colcon_core.plugin_system:Skipping extension 'colcon_notification.desktop_notification.notify_send': Could not find 'notify-send'
[4.919s] INFO:colcon.colcon_core.plugin_system:Skipping extension 'colcon_notification.desktop_notification.terminal_notifier': Not used on non-Darwin systems
[4.919s] INFO:colcon.colcon_core.plugin_system:Skipping extension 'colcon_notification.desktop_notification.win32': Not used on non-Windows systems
[4.920s] INFO:colcon.colcon_notification.desktop_notification:Sending desktop notification using 'notify2'
[4.926s] DEBUG:colcon.colcon_notification.desktop_notification.notify2:Failed to initialize notify2: org.freedesktop.DBus.Error.FileNotFound: Failed to connect to socket /run/user/1000/bus: No such file or directory
[4.927s] DEBUG:colcon.colcon_core.event_reactor:joined thread
[4.928s] INFO:colcon.colcon_core.shell:Creating prefix script '/home/ubuntu/ros2_ws/install/local_setup.ps1'
[4.930s] INFO:colcon.colcon_core.shell:Creating prefix util module '/home/ubuntu/ros2_ws/install/_local_setup_util_ps1.py'
[4.933s] INFO:colcon.colcon_core.shell:Creating prefix chain script '/home/ubuntu/ros2_ws/install/setup.ps1'
[4.936s] INFO:colcon.colcon_core.shell:Creating prefix script '/home/ubuntu/ros2_ws/install/local_setup.sh'
[4.938s] INFO:colcon.colcon_core.shell:Creating prefix util module '/home/ubuntu/ros2_ws/install/_local_setup_util_sh.py'
[4.942s] INFO:colcon.colcon_core.shell:Creating prefix chain script '/home/ubuntu/ros2_ws/install/setup.sh'
[4.944s] INFO:colcon.colcon_core.shell:Creating prefix script '/home/ubuntu/ros2_ws/install/local_setup.bash'
[4.946s] INFO:colcon.colcon_core.shell:Creating prefix chain script '/home/ubuntu/ros2_ws/install/setup.bash'
[4.948s] INFO:colcon.colcon_core.shell:Creating prefix script '/home/ubuntu/ros2_ws/install/local_setup.zsh'
[4.949s] INFO:colcon.colcon_core.shell:Creating prefix chain script '/home/ubuntu/ros2_ws/install/setup.zsh'
