[0.119s] Invoking command in '/home/ubuntu/ros2_ws/build/hackathon_bringup': CMAKE_PREFIX_PATH=/home/ubuntu/ros2_ws/install/turtlebot_controller:/opt/ros/humble WSLENV=ELECTRON_RUN_AS_NODE/w: /usr/bin/cmake /home/ubuntu/ros2_ws/src/hackathon_bringup -DAMENT_CMAKE_SYMLINK_INSTALL=1 -DCMAKE_INSTALL_PREFIX=/home/ubuntu/ros2_ws/install/hackathon_bringup
[1.235s] -- The C compiler identification is GNU 11.4.0
[2.171s] -- The CXX compiler identification is GNU 11.4.0
[2.485s] -- Detecting C compiler ABI info
[2.719s] -- Detecting C compiler ABI info - done
[2.729s] -- Check for working C compiler: /usr/bin/cc - skipped
[2.732s] -- Detecting C compile features
[2.734s] -- Detecting C compile features - done
[2.741s] -- Detecting CXX compiler ABI info
[2.922s] -- Detecting CXX compiler ABI info - done
[2.938s] -- Check for working CXX compiler: /usr/bin/c++ - skipped
[2.938s] -- Detecting CXX compile features
[2.940s] -- Detecting CXX compile features - done
[2.986s] -- Found ament_cmake: 1.3.9 (/opt/ros/humble/share/ament_cmake/cmake)
[3.243s] -- Found Python3: /usr/bin/python3 (found version "3.10.12") found components: Interpreter 
[3.379s] -- Override CMake install command with custom implementation using symlinks instead of copying resources
[3.485s] [31mCMake Error at /opt/ros/humble/share/ament_cmake_core/cmake/symlink_install/install.cmake:43 (_install):
[3.485s]   _install does not recognize sub-command DIRECOTRY
[3.485s] Call Stack (most recent call first):
[3.485s]   CMakeLists.txt:11 (install)
[3.485s] 
[3.486s] [0m
[3.671s] -- Configuring incomplete, errors occurred!
[3.671s] See also "/home/ubuntu/ros2_ws/build/hackathon_bringup/CMakeFiles/CMakeOutput.log".
[3.687s] Invoked command in '/home/ubuntu/ros2_ws/build/hackathon_bringup' returned '1': CMAKE_PREFIX_PATH=/home/ubuntu/ros2_ws/install/turtlebot_controller:/opt/ros/humble WSLENV=ELECTRON_RUN_AS_NODE/w: /usr/bin/cmake /home/ubuntu/ros2_ws/src/hackathon_bringup -DAMENT_CMAKE_SYMLINK_INSTALL=1 -DCMAKE_INSTALL_PREFIX=/home/ubuntu/ros2_ws/install/hackathon_bringup
