running develop
running egg_info
creating turtlebot_hackathon.egg-info
writing turtlebot_hackathon.egg-info/PKG-INFO
writing dependency_links to turtlebot_hackathon.egg-info/dependency_links.txt
writing entry points to turtlebot_hackathon.egg-info/entry_points.txt
writing requirements to turtlebot_hackathon.egg-info/requires.txt
writing top-level names to turtlebot_hackathon.egg-info/top_level.txt
writing manifest file 'turtlebot_hackathon.egg-info/SOURCES.txt'
reading manifest file 'turtlebot_hackathon.egg-info/SOURCES.txt'
writing manifest file 'turtlebot_hackathon.egg-info/SOURCES.txt'
running build_ext
Creating /home/ubuntu/ros2_ws/install/turtlebot_hackathon/lib/python3.10/site-packages/turtlebot-hackathon.egg-link (link to .)

Installed /home/ubuntu/ros2_ws/build/turtlebot_hackathon
running symlink_data
creating /home/ubuntu/ros2_ws/install/turtlebot_hackathon/share/ament_index
creating /home/ubuntu/ros2_ws/install/turtlebot_hackathon/share/ament_index/resource_index
creating /home/ubuntu/ros2_ws/install/turtlebot_hackathon/share/ament_index/resource_index/packages
symbolically linking /home/ubuntu/ros2_ws/build/turtlebot_hackathon/resource/turtlebot_hackathon -> /home/ubuntu/ros2_ws/install/turtlebot_hackathon/share/ament_index/resource_index/packages
symbolically linking /home/ubuntu/ros2_ws/build/turtlebot_hackathon/package.xml -> /home/ubuntu/ros2_ws/install/turtlebot_hackathon/share/turtlebot_hackathon
