[1.147s] Invoking command in '/home/ubuntu/ros2_ws/build/turtlebot_hackathon': PYTHONPATH=/home/ubuntu/ros2_ws/build/turtlebot_hackathon/prefix_override:/home/ubuntu/ros2_ws/install/turtlebot_hackathon/lib/python3.10/site-packages:${PYTHONPATH} WSLENV=ELECTRON_RUN_AS_NODE/w: /usr/bin/python3 -W ignore:setup.py install is deprecated setup.py develop --editable --build-directory /home/ubuntu/ros2_ws/build/turtlebot_hackathon/build --no-deps symlink_data
[1.471s] running develop
[1.603s] running egg_info
[1.603s] creating turtlebot_hackathon.egg-info
[1.604s] writing turtlebot_hackathon.egg-info/PKG-INFO
[1.604s] writing dependency_links to turtlebot_hackathon.egg-info/dependency_links.txt
[1.604s] writing entry points to turtlebot_hackathon.egg-info/entry_points.txt
[1.605s] writing requirements to turtlebot_hackathon.egg-info/requires.txt
[1.605s] writing top-level names to turtlebot_hackathon.egg-info/top_level.txt
[1.605s] writing manifest file 'turtlebot_hackathon.egg-info/SOURCES.txt'
[1.607s] reading manifest file 'turtlebot_hackathon.egg-info/SOURCES.txt'
[1.608s] writing manifest file 'turtlebot_hackathon.egg-info/SOURCES.txt'
[1.610s] running build_ext
[1.610s] Creating /home/ubuntu/ros2_ws/install/turtlebot_hackathon/lib/python3.10/site-packages/turtlebot-hackathon.egg-link (link to .)
[1.612s] 
[1.612s] Installed /home/ubuntu/ros2_ws/build/turtlebot_hackathon
[1.612s] running symlink_data
[1.613s] creating /home/ubuntu/ros2_ws/install/turtlebot_hackathon/share/ament_index
[1.613s] creating /home/ubuntu/ros2_ws/install/turtlebot_hackathon/share/ament_index/resource_index
[1.613s] creating /home/ubuntu/ros2_ws/install/turtlebot_hackathon/share/ament_index/resource_index/packages
[1.614s] symbolically linking /home/ubuntu/ros2_ws/build/turtlebot_hackathon/resource/turtlebot_hackathon -> /home/ubuntu/ros2_ws/install/turtlebot_hackathon/share/ament_index/resource_index/packages
[1.614s] symbolically linking /home/ubuntu/ros2_ws/build/turtlebot_hackathon/package.xml -> /home/ubuntu/ros2_ws/install/turtlebot_hackathon/share/turtlebot_hackathon
[1.685s] Invoked command in '/home/ubuntu/ros2_ws/build/turtlebot_hackathon' returned '0': PYTHONPATH=/home/ubuntu/ros2_ws/build/turtlebot_hackathon/prefix_override:/home/ubuntu/ros2_ws/install/turtlebot_hackathon/lib/python3.10/site-packages:${PYTHONPATH} WSLENV=ELECTRON_RUN_AS_NODE/w: /usr/bin/python3 -W ignore:setup.py install is deprecated setup.py develop --editable --build-directory /home/ubuntu/ros2_ws/build/turtlebot_hackathon/build --no-deps symlink_data
