running develop
Removing /home/ubuntu/ros2_ws/install/turtlebot_controller/lib/python3.10/site-packages/turtlebot-controller.egg-link (link to .)
running egg_info
writing ../../build/turtlebot_controller/turtlebot_controller.egg-info/PKG-INFO
writing dependency_links to ../../build/turtlebot_controller/turtlebot_controller.egg-info/dependency_links.txt
writing entry points to ../../build/turtlebot_controller/turtlebot_controller.egg-info/entry_points.txt
writing requirements to ../../build/turtlebot_controller/turtlebot_controller.egg-info/requires.txt
writing top-level names to ../../build/turtlebot_controller/turtlebot_controller.egg-info/top_level.txt
reading manifest file '../../build/turtlebot_controller/turtlebot_controller.egg-info/SOURCES.txt'
writing manifest file '../../build/turtlebot_controller/turtlebot_controller.egg-info/SOURCES.txt'
running build
running build_py
copying turtlebot_controller/color_conversion.py -> /home/ubuntu/ros2_ws/build/turtlebot_controller/build/lib/turtlebot_controller
copying turtlebot_controller/image_publisher.py -> /home/ubuntu/ros2_ws/build/turtlebot_controller/build/lib/turtlebot_controller
copying turtlebot_controller/image_subscriber.py -> /home/ubuntu/ros2_ws/build/turtlebot_controller/build/lib/turtlebot_controller
copying turtlebot_controller/object_avoidance.py -> /home/ubuntu/ros2_ws/build/turtlebot_controller/build/lib/turtlebot_controller
running install
running install_lib
creating /home/ubuntu/ros2_ws/install/turtlebot_controller/lib/python3.10/site-packages/turtlebot_controller
copying /home/ubuntu/ros2_ws/build/turtlebot_controller/build/lib/turtlebot_controller/color_conversion.py -> /home/ubuntu/ros2_ws/install/turtlebot_controller/lib/python3.10/site-packages/turtlebot_controller
copying /home/ubuntu/ros2_ws/build/turtlebot_controller/build/lib/turtlebot_controller/image_publisher.py -> /home/ubuntu/ros2_ws/install/turtlebot_controller/lib/python3.10/site-packages/turtlebot_controller
copying /home/ubuntu/ros2_ws/build/turtlebot_controller/build/lib/turtlebot_controller/image_subscriber.py -> /home/ubuntu/ros2_ws/install/turtlebot_controller/lib/python3.10/site-packages/turtlebot_controller
copying /home/ubuntu/ros2_ws/build/turtlebot_controller/build/lib/turtlebot_controller/__init__.py -> /home/ubuntu/ros2_ws/install/turtlebot_controller/lib/python3.10/site-packages/turtlebot_controller
copying /home/ubuntu/ros2_ws/build/turtlebot_controller/build/lib/turtlebot_controller/object_avoidance.py -> /home/ubuntu/ros2_ws/install/turtlebot_controller/lib/python3.10/site-packages/turtlebot_controller
byte-compiling /home/ubuntu/ros2_ws/install/turtlebot_controller/lib/python3.10/site-packages/turtlebot_controller/color_conversion.py to color_conversion.cpython-310.pyc
byte-compiling /home/ubuntu/ros2_ws/install/turtlebot_controller/lib/python3.10/site-packages/turtlebot_controller/image_publisher.py to image_publisher.cpython-310.pyc
byte-compiling /home/ubuntu/ros2_ws/install/turtlebot_controller/lib/python3.10/site-packages/turtlebot_controller/image_subscriber.py to image_subscriber.cpython-310.pyc
byte-compiling /home/ubuntu/ros2_ws/install/turtlebot_controller/lib/python3.10/site-packages/turtlebot_controller/__init__.py to __init__.cpython-310.pyc
byte-compiling /home/ubuntu/ros2_ws/install/turtlebot_controller/lib/python3.10/site-packages/turtlebot_controller/object_avoidance.py to object_avoidance.cpython-310.pyc
running install_data
copying resource/turtlebot_controller -> /home/ubuntu/ros2_ws/install/turtlebot_controller/share/ament_index/resource_index/packages
copying package.xml -> /home/ubuntu/ros2_ws/install/turtlebot_controller/share/turtlebot_controller
running install_egg_info
Copying ../../build/turtlebot_controller/turtlebot_controller.egg-info to /home/ubuntu/ros2_ws/install/turtlebot_controller/lib/python3.10/site-packages/turtlebot_controller-0.0.0-py3.10.egg-info
running install_scripts
Installing image_publisher script to /home/ubuntu/ros2_ws/install/turtlebot_controller/lib/turtlebot_controller
Installing image_subscriber script to /home/ubuntu/ros2_ws/install/turtlebot_controller/lib/turtlebot_controller
Installing turtlebot_controller script to /home/ubuntu/ros2_ws/install/turtlebot_controller/lib/turtlebot_controller
writing list of installed files to '/home/ubuntu/ros2_ws/build/turtlebot_controller/install.log'
