[0.924s] Invoking command in '/home/ubuntu/ros2_ws/src/build/turtlebot_controller': PYTHONPATH=/home/ubuntu/ros2_ws/src/build/turtlebot_controller/prefix_override:/home/ubuntu/ros2_ws/src/install/turtlebot_controller/lib/python3.10/site-packages:${PYTHONPATH} /usr/bin/python3 -W ignore:setup.py install is deprecated setup.py develop --editable --build-directory /home/ubuntu/ros2_ws/src/build/turtlebot_controller/build --no-deps symlink_data
[1.241s] running develop
[1.385s] running egg_info
[1.385s] creating turtlebot_controller.egg-info
[1.386s] writing turtlebot_controller.egg-info/PKG-INFO
[1.386s] writing dependency_links to turtlebot_controller.egg-info/dependency_links.txt
[1.387s] writing entry points to turtlebot_controller.egg-info/entry_points.txt
[1.387s] writing requirements to turtlebot_controller.egg-info/requires.txt
[1.388s] writing top-level names to turtlebot_controller.egg-info/top_level.txt
[1.388s] writing manifest file 'turtlebot_controller.egg-info/SOURCES.txt'
[1.392s] reading manifest file 'turtlebot_controller.egg-info/SOURCES.txt'
[1.393s] writing manifest file 'turtlebot_controller.egg-info/SOURCES.txt'
[1.397s] running build_ext
[1.398s] Creating /home/ubuntu/ros2_ws/src/install/turtlebot_controller/lib/python3.10/site-packages/turtlebot-controller.egg-link (link to .)
[1.401s] Installing turtlebot_controller script to /home/ubuntu/ros2_ws/src/install/turtlebot_controller/lib/turtlebot_controller
[1.404s] 
[1.404s] Installed /home/ubuntu/ros2_ws/src/build/turtlebot_controller
[1.404s] running symlink_data
[1.404s] creating /home/ubuntu/ros2_ws/src/install/turtlebot_controller/share/ament_index
[1.405s] creating /home/ubuntu/ros2_ws/src/install/turtlebot_controller/share/ament_index/resource_index
[1.406s] creating /home/ubuntu/ros2_ws/src/install/turtlebot_controller/share/ament_index/resource_index/packages
[1.408s] symbolically linking /home/ubuntu/ros2_ws/src/build/turtlebot_controller/resource/turtlebot_controller -> /home/ubuntu/ros2_ws/src/install/turtlebot_controller/share/ament_index/resource_index/packages
[1.409s] symbolically linking /home/ubuntu/ros2_ws/src/build/turtlebot_controller/package.xml -> /home/ubuntu/ros2_ws/src/install/turtlebot_controller/share/turtlebot_controller
[1.493s] Invoked command in '/home/ubuntu/ros2_ws/src/build/turtlebot_controller' returned '0': PYTHONPATH=/home/ubuntu/ros2_ws/src/build/turtlebot_controller/prefix_override:/home/ubuntu/ros2_ws/src/install/turtlebot_controller/lib/python3.10/site-packages:${PYTHONPATH} /usr/bin/python3 -W ignore:setup.py install is deprecated setup.py develop --editable --build-directory /home/ubuntu/ros2_ws/src/build/turtlebot_controller/build --no-deps symlink_data
