[0.773s] Invoking command in '/home/ubuntu/ros2_ws/build/turtlebot_controller': PYTHONPATH=/home/ubuntu/ros2_ws/build/turtlebot_controller/prefix_override:/home/ubuntu/ros2_ws/install/turtlebot_controller/lib/python3.10/site-packages:${PYTHONPATH} WSLENV=ELECTRON_RUN_AS_NODE/w: /usr/bin/python3 -W ignore:setup.py install is deprecated setup.py develop --editable --build-directory /home/ubuntu/ros2_ws/build/turtlebot_controller/build --no-deps symlink_data
[1.068s] running develop
[1.195s] running egg_info
[1.195s] writing turtlebot_controller.egg-info/PKG-INFO
[1.196s] writing dependency_links to turtlebot_controller.egg-info/dependency_links.txt
[1.196s] writing entry points to turtlebot_controller.egg-info/entry_points.txt
[1.196s] writing requirements to turtlebot_controller.egg-info/requires.txt
[1.196s] writing top-level names to turtlebot_controller.egg-info/top_level.txt
[1.198s] reading manifest file 'turtlebot_controller.egg-info/SOURCES.txt'
[1.199s] writing manifest file 'turtlebot_controller.egg-info/SOURCES.txt'
[1.200s] running build_ext
[1.201s] Creating /home/ubuntu/ros2_ws/install/turtlebot_controller/lib/python3.10/site-packages/turtlebot-controller.egg-link (link to .)
[1.201s] Installing image_publisher script to /home/ubuntu/ros2_ws/install/turtlebot_controller/lib/turtlebot_controller
[1.202s] Installing image_subscriber script to /home/ubuntu/ros2_ws/install/turtlebot_controller/lib/turtlebot_controller
[1.202s] Installing object_avoidance script to /home/ubuntu/ros2_ws/install/turtlebot_controller/lib/turtlebot_controller
[1.203s] Installing turtlebot_controller script to /home/ubuntu/ros2_ws/install/turtlebot_controller/lib/turtlebot_controller
[1.203s] 
[1.203s] Installed /home/ubuntu/ros2_ws/build/turtlebot_controller
[1.203s] running symlink_data
[1.264s] Invoked command in '/home/ubuntu/ros2_ws/build/turtlebot_controller' returned '0': PYTHONPATH=/home/ubuntu/ros2_ws/build/turtlebot_controller/prefix_override:/home/ubuntu/ros2_ws/install/turtlebot_controller/lib/python3.10/site-packages:${PYTHONPATH} WSLENV=ELECTRON_RUN_AS_NODE/w: /usr/bin/python3 -W ignore:setup.py install is deprecated setup.py develop --editable --build-directory /home/ubuntu/ros2_ws/build/turtlebot_controller/build --no-deps symlink_data
