[0.835s] Invoking command in '/home/ubuntu/ros2_ws/src/turtlebot_controller': PYTHONPATH=/home/ubuntu/ros2_ws/build/turtlebot_controller/prefix_override:/home/ubuntu/ros2_ws/install/turtlebot_controller/lib/python3.10/site-packages:${PYTHONPATH} /usr/bin/python3 -W ignore:setup.py install is deprecated setup.py egg_info --egg-base ../../build/turtlebot_controller build --build-base /home/ubuntu/ros2_ws/build/turtlebot_controller/build install --record /home/ubuntu/ros2_ws/build/turtlebot_controller/install.log --single-version-externally-managed install_data
[1.116s] running egg_info
[1.117s] writing ../../build/turtlebot_controller/turtlebot_controller.egg-info/PKG-INFO
[1.117s] writing dependency_links to ../../build/turtlebot_controller/turtlebot_controller.egg-info/dependency_links.txt
[1.118s] writing entry points to ../../build/turtlebot_controller/turtlebot_controller.egg-info/entry_points.txt
[1.118s] writing requirements to ../../build/turtlebot_controller/turtlebot_controller.egg-info/requires.txt
[1.118s] writing top-level names to ../../build/turtlebot_controller/turtlebot_controller.egg-info/top_level.txt
[1.120s] reading manifest file '../../build/turtlebot_controller/turtlebot_controller.egg-info/SOURCES.txt'
[1.121s] writing manifest file '../../build/turtlebot_controller/turtlebot_controller.egg-info/SOURCES.txt'
[1.121s] running build
[1.121s] running build_py
[1.121s] copying turtlebot_controller/object_avoidance.py -> /home/ubuntu/ros2_ws/build/turtlebot_controller/build/lib/turtlebot_controller
[1.121s] running install
[1.122s] running install_lib
[1.125s] copying /home/ubuntu/ros2_ws/build/turtlebot_controller/build/lib/turtlebot_controller/object_avoidance.py -> /home/ubuntu/ros2_ws/install/turtlebot_controller/lib/python3.10/site-packages/turtlebot_controller
[1.128s] byte-compiling /home/ubuntu/ros2_ws/install/turtlebot_controller/lib/python3.10/site-packages/turtlebot_controller/object_avoidance.py to object_avoidance.cpython-310.pyc
[1.129s] running install_data
[1.130s] running install_egg_info
[1.134s] removing '/home/ubuntu/ros2_ws/install/turtlebot_controller/lib/python3.10/site-packages/turtlebot_controller-0.0.0-py3.10.egg-info' (and everything under it)
[1.134s] Copying ../../build/turtlebot_controller/turtlebot_controller.egg-info to /home/ubuntu/ros2_ws/install/turtlebot_controller/lib/python3.10/site-packages/turtlebot_controller-0.0.0-py3.10.egg-info
[1.136s] running install_scripts
[1.173s] Installing turtlebot_controller script to /home/ubuntu/ros2_ws/install/turtlebot_controller/lib/turtlebot_controller
[1.177s] writing list of installed files to '/home/ubuntu/ros2_ws/build/turtlebot_controller/install.log'
[1.221s] Invoked command in '/home/ubuntu/ros2_ws/src/turtlebot_controller' returned '0': PYTHONPATH=/home/ubuntu/ros2_ws/build/turtlebot_controller/prefix_override:/home/ubuntu/ros2_ws/install/turtlebot_controller/lib/python3.10/site-packages:${PYTHONPATH} /usr/bin/python3 -W ignore:setup.py install is deprecated setup.py egg_info --egg-base ../../build/turtlebot_controller build --build-base /home/ubuntu/ros2_ws/build/turtlebot_controller/build install --record /home/ubuntu/ros2_ws/build/turtlebot_controller/install.log --single-version-externally-managed install_data
