[0.753s] Invoking command in '/home/ubuntu/ros2_ws/build/turtlebot_controller': PYTHONPATH=/home/ubuntu/ros2_ws/build/turtlebot_controller/prefix_override:/home/ubuntu/ros2_ws/install/turtlebot_controller/lib/python3.10/site-packages:${PYTHONPATH} WSLENV=ELECTRON_RUN_AS_NODE/w: /usr/bin/python3 -W ignore:setup.py install is deprecated setup.py develop --editable --build-directory /home/ubuntu/ros2_ws/build/turtlebot_controller/build --no-deps symlink_data
[1.014s] running develop
[1.135s] running egg_info
[1.135s] writing turtlebot_controller.egg-info/PKG-INFO
[1.136s] writing dependency_links to turtlebot_controller.egg-info/dependency_links.txt
[1.136s] writing entry points to turtlebot_controller.egg-info/entry_points.txt
[1.136s] writing requirements to turtlebot_controller.egg-info/requires.txt
[1.136s] writing top-level names to turtlebot_controller.egg-info/top_level.txt
[1.139s] reading manifest file 'turtlebot_controller.egg-info/SOURCES.txt'
[1.140s] writing manifest file 'turtlebot_controller.egg-info/SOURCES.txt'
[1.142s] running build_ext
[1.142s] Creating /home/ubuntu/ros2_ws/install/turtlebot_controller/lib/python3.10/site-packages/turtlebot-controller.egg-link (link to .)
[1.144s] Installing image_publisher script to /home/ubuntu/ros2_ws/install/turtlebot_controller/lib/turtlebot_controller
[1.145s] Installing image_subscriber script to /home/ubuntu/ros2_ws/install/turtlebot_controller/lib/turtlebot_controller
[1.145s] Installing object_avoidance script to /home/ubuntu/ros2_ws/install/turtlebot_controller/lib/turtlebot_controller
[1.146s] Installing turtlebot_controller script to /home/ubuntu/ros2_ws/install/turtlebot_controller/lib/turtlebot_controller
[1.147s] 
[1.147s] Installed /home/ubuntu/ros2_ws/build/turtlebot_controller
[1.147s] running symlink_data
[1.193s] Invoked command in '/home/ubuntu/ros2_ws/build/turtlebot_controller' returned '0': PYTHONPATH=/home/ubuntu/ros2_ws/build/turtlebot_controller/prefix_override:/home/ubuntu/ros2_ws/install/turtlebot_controller/lib/python3.10/site-packages:${PYTHONPATH} WSLENV=ELECTRON_RUN_AS_NODE/w: /usr/bin/python3 -W ignore:setup.py install is deprecated setup.py develop --editable --build-directory /home/ubuntu/ros2_ws/build/turtlebot_controller/build --no-deps symlink_data
