[0.037s] Invoking command in '/home/ubuntu/ros2_ws/src/build/cv_bridge': CMAKE_PREFIX_PATH=/home/ubuntu/ros2_ws/install/turtlebot_controller:/opt/ros/humble /usr/bin/cmake /home/ubuntu/ros2_ws/src/vision_opencv/cv_bridge -DAMENT_CMAKE_SYMLINK_INSTALL=1 -DCMAKE_INSTALL_PREFIX=/home/ubuntu/ros2_ws/src/install/cv_bridge
[0.608s] -- The C compiler identification is GNU 11.4.0
[1.439s] -- The CXX compiler identification is GNU 11.4.0
[1.736s] -- Detecting C compiler ABI info
[1.894s] -- Detecting C compiler ABI info - done
[1.904s] -- Check for working C compiler: /usr/bin/cc - skipped
[1.907s] -- Detecting C compile features
[1.910s] -- Detecting C compile features - done
[1.919s] -- Detecting CXX compiler ABI info
[2.116s] -- Detecting CXX compiler ABI info - done
[2.130s] -- Check for working CXX compiler: /usr/bin/c++ - skipped
[2.131s] -- Detecting CXX compile features
[2.132s] -- Detecting CXX compile features - done
[2.150s] -- Found ament_cmake_ros: 0.10.0 (/opt/ros/humble/share/ament_cmake_ros/cmake)
[2.452s] -- Found Python3: /usr/bin/python3 (found version "3.10.12") found components: Interpreter 
[2.615s] -- Override CMake install command with custom implementation using symlinks instead of copying resources
[3.722s] -- Found Python3: /usr/include/python3.10 (found version "3.10.12") found components: Development NumPy Interpreter Development.Module Development.Embed 
[3.759s] -- Found Boost: /usr/lib/x86_64-linux-gnu/cmake/Boost-1.74.0/BoostConfig.cmake (found version "1.74.0") found components: python310 
[3.767s] -- Found rcpputils: 2.4.3 (/opt/ros/humble/share/rcpputils/cmake)
[3.908s] -- Found sensor_msgs: 4.2.3 (/opt/ros/humble/share/sensor_msgs/cmake)
[4.066s] -- Found rosidl_generator_c: 3.1.5 (/opt/ros/humble/share/rosidl_generator_c/cmake)
[4.078s] -- Found rosidl_adapter: 3.1.5 (/opt/ros/humble/share/rosidl_adapter/cmake)
[4.104s] -- Found rosidl_generator_cpp: 3.1.5 (/opt/ros/humble/share/rosidl_generator_cpp/cmake)
[4.177s] -- Using all available rosidl_typesupport_c: rosidl_typesupport_fastrtps_c;rosidl_typesupport_introspection_c
[4.223s] -- Using all available rosidl_typesupport_cpp: rosidl_typesupport_fastrtps_cpp;rosidl_typesupport_introspection_cpp
[6.457s] [31mCMake Error at CMakeLists.txt:47 (find_package):
[6.457s]   Could not find a package configuration file provided by "OpenCV" (requested
[6.458s]   version 3) with any of the following names:
[6.458s] 
[6.458s]     OpenCVConfig.cmake
[6.458s]     opencv-config.cmake
[6.458s] 
[6.458s]   Add the installation prefix of "OpenCV" to CMAKE_PREFIX_PATH or set
[6.459s]   "OpenCV_DIR" to a directory containing one of the above files.  If "OpenCV"
[6.459s]   provides a separate development package or SDK, be sure it has been
[6.459s]   installed.
[6.459s] 
[6.459s] [0m
[6.459s] -- Configuring incomplete, errors occurred!
[6.459s] See also "/home/ubuntu/ros2_ws/src/build/cv_bridge/CMakeFiles/CMakeOutput.log".
