[0.982s] Invoking command in '/home/ubuntu/ros2_ws/build/turtlebot_controller': PYTHONPATH=/home/ubuntu/ros2_ws/build/turtlebot_controller/prefix_override:/home/ubuntu/ros2_ws/install/turtlebot_controller/lib/python3.10/site-packages:${PYTHONPATH} WSLENV=ELECTRON_RUN_AS_NODE/w: /usr/bin/python3 -W ignore:setup.py install is deprecated setup.py develop --editable --build-directory /home/ubuntu/ros2_ws/build/turtlebot_controller/build --no-deps symlink_data --force
[1.321s] running develop
[1.437s] running egg_info
[1.437s] writing turtlebot_controller.egg-info/PKG-INFO
[1.438s] writing dependency_links to turtlebot_controller.egg-info/dependency_links.txt
[1.438s] writing entry points to turtlebot_controller.egg-info/entry_points.txt
[1.438s] writing requirements to turtlebot_controller.egg-info/requires.txt
[1.438s] writing top-level names to turtlebot_controller.egg-info/top_level.txt
[1.440s] reading manifest file 'turtlebot_controller.egg-info/SOURCES.txt'
[1.441s] writing manifest file 'turtlebot_controller.egg-info/SOURCES.txt'
[1.443s] running build_ext
[1.443s] Creating /home/ubuntu/ros2_ws/install/turtlebot_controller/lib/python3.10/site-packages/turtlebot-controller.egg-link (link to .)
[1.444s] Installing image_publisher script to /home/ubuntu/ros2_ws/install/turtlebot_controller/lib/turtlebot_controller
[1.444s] Installing image_subscriber script to /home/ubuntu/ros2_ws/install/turtlebot_controller/lib/turtlebot_controller
[1.444s] Installing turtlebot_controller script to /home/ubuntu/ros2_ws/install/turtlebot_controller/lib/turtlebot_controller
[1.445s] 
[1.445s] Installed /home/ubuntu/ros2_ws/build/turtlebot_controller
[1.445s] running symlink_data
[1.445s] symbolically linking /home/ubuntu/ros2_ws/build/turtlebot_controller/resource/turtlebot_controller -> /home/ubuntu/ros2_ws/install/turtlebot_controller/share/ament_index/resource_index/packages
[1.445s] symbolically linking /home/ubuntu/ros2_ws/build/turtlebot_controller/package.xml -> /home/ubuntu/ros2_ws/install/turtlebot_controller/share/turtlebot_controller
[1.489s] Invoked command in '/home/ubuntu/ros2_ws/build/turtlebot_controller' returned '0': PYTHONPATH=/home/ubuntu/ros2_ws/build/turtlebot_controller/prefix_override:/home/ubuntu/ros2_ws/install/turtlebot_controller/lib/python3.10/site-packages:${PYTHONPATH} WSLENV=ELECTRON_RUN_AS_NODE/w: /usr/bin/python3 -W ignore:setup.py install is deprecated setup.py develop --editable --build-directory /home/ubuntu/ros2_ws/build/turtlebot_controller/build --no-deps symlink_data --force
