[0.054s] Invoking command in '/home/ubuntu/ros2_ws/src/build/cv_bridge': CMAKE_PREFIX_PATH=/home/ubuntu/ros2_ws/install/turtlebot_controller:/opt/ros/humble /usr/bin/cmake /home/ubuntu/ros2_ws/src/vision_opencv/cv_bridge -DAMENT_CMAKE_SYMLINK_INSTALL=1 -DCMAKE_INSTALL_PREFIX=/home/ubuntu/ros2_ws/src/install/cv_bridge
[0.097s] -- Found ament_cmake_ros: 0.10.0 (/opt/ros/humble/share/ament_cmake_ros/cmake)
[0.287s] -- Found Python3: /usr/bin/python3 (found version "3.10.12") found components: Interpreter 
[0.525s] -- Override CMake install command with custom implementation using symlinks instead of copying resources
[1.227s] -- Found Python3: /usr/include/python3.10 (found version "3.10.12") found components: Development NumPy Interpreter Development.Module Development.Embed 
[1.260s] -- Found rcpputils: 2.4.3 (/opt/ros/humble/share/rcpputils/cmake)
[1.392s] -- Found sensor_msgs: 4.2.3 (/opt/ros/humble/share/sensor_msgs/cmake)
[1.422s] -- Found rosidl_generator_c: 3.1.5 (/opt/ros/humble/share/rosidl_generator_c/cmake)
[1.426s] -- Found rosidl_adapter: 3.1.5 (/opt/ros/humble/share/rosidl_adapter/cmake)
[1.448s] -- Found rosidl_generator_cpp: 3.1.5 (/opt/ros/humble/share/rosidl_generator_cpp/cmake)
[1.475s] -- Using all available rosidl_typesupport_c: rosidl_typesupport_fastrtps_c;rosidl_typesupport_introspection_c
[1.497s] -- Using all available rosidl_typesupport_cpp: rosidl_typesupport_fastrtps_cpp;rosidl_typesupport_introspection_cpp
[4.219s] [31mCMake Error at CMakeLists.txt:47 (find_package):
[4.220s]   Could not find a package configuration file provided by "OpenCV" (requested
[4.220s]   version 3) with any of the following names:
[4.221s] 
[4.221s]     OpenCVConfig.cmake
[4.221s]     opencv-config.cmake
[4.221s] 
[4.221s]   Add the installation prefix of "OpenCV" to CMAKE_PREFIX_PATH or set
[4.221s]   "OpenCV_DIR" to a directory containing one of the above files.  If "OpenCV"
[4.221s]   provides a separate development package or SDK, be sure it has been
[4.222s]   installed.
[4.222s] 
[4.222s] [0m
[4.222s] -- Configuring incomplete, errors occurred!
[4.222s] See also "/home/ubuntu/ros2_ws/src/build/cv_bridge/CMakeFiles/CMakeOutput.log".
