[1.189s] Invoking command in '/home/ubuntu/ros2_ws/build/turtlebot_controller': PYTHONPATH=/home/ubuntu/ros2_ws/build/turtlebot_controller/prefix_override:/home/ubuntu/ros2_ws/install/turtlebot_controller/lib/python3.10/site-packages:${PYTHONPATH} WSLENV=ELECTRON_RUN_AS_NODE/w: /usr/bin/python3 -W ignore:setup.py install is deprecated setup.py develop --editable --build-directory /home/ubuntu/ros2_ws/build/turtlebot_controller/build --no-deps symlink_data
[1.688s] running develop
[1.920s] running egg_info
[1.920s] writing turtlebot_controller.egg-info/PKG-INFO
[1.921s] writing dependency_links to turtlebot_controller.egg-info/dependency_links.txt
[1.922s] writing entry points to turtlebot_controller.egg-info/entry_points.txt
[1.923s] writing requirements to turtlebot_controller.egg-info/requires.txt
[1.924s] writing top-level names to turtlebot_controller.egg-info/top_level.txt
[1.930s] reading manifest file 'turtlebot_controller.egg-info/SOURCES.txt'
[1.935s] writing manifest file 'turtlebot_controller.egg-info/SOURCES.txt'
[1.940s] running build_ext
[1.940s] Creating /home/ubuntu/ros2_ws/install/turtlebot_controller/lib/python3.10/site-packages/turtlebot-controller.egg-link (link to .)
[1.944s] Installing image_publisher script to /home/ubuntu/ros2_ws/install/turtlebot_controller/lib/turtlebot_controller
[1.955s] Installing image_subscriber script to /home/ubuntu/ros2_ws/install/turtlebot_controller/lib/turtlebot_controller
[1.955s] Installing object_avoidance script to /home/ubuntu/ros2_ws/install/turtlebot_controller/lib/turtlebot_controller
[1.956s] Installing turtlebot_controller script to /home/ubuntu/ros2_ws/install/turtlebot_controller/lib/turtlebot_controller
[1.956s] 
[1.956s] Installed /home/ubuntu/ros2_ws/build/turtlebot_controller
[1.956s] running symlink_data
[2.179s] Invoked command in '/home/ubuntu/ros2_ws/build/turtlebot_controller' returned '0': PYTHONPATH=/home/ubuntu/ros2_ws/build/turtlebot_controller/prefix_override:/home/ubuntu/ros2_ws/install/turtlebot_controller/lib/python3.10/site-packages:${PYTHONPATH} WSLENV=ELECTRON_RUN_AS_NODE/w: /usr/bin/python3 -W ignore:setup.py install is deprecated setup.py develop --editable --build-directory /home/ubuntu/ros2_ws/build/turtlebot_controller/build --no-deps symlink_data
